2021-11-19 10:09:50,145 INFO SPI service [com.alipay.sofa.jraft.JRaftServiceFactory - com.alipay.sofa.jraft.core.DefaultJRaftServiceFactory] loading.

2021-11-19 10:09:50,418 INFO SPI service [com.alipay.sofa.jraft.rpc.RaftRpcFactory - com.alipay.sofa.jraft.rpc.impl.GrpcRaftRpcFactory] loading.

2021-11-19 10:09:54,426 INFO SPI service [com.alipay.sofa.jraft.util.timer.RaftTimerFactory - com.alipay.sofa.jraft.util.timer.DefaultRaftTimerFactory] loading.

2021-11-19 10:09:54,442 INFO The number of active nodes increment to 1.

2021-11-19 10:09:54,853 INFO Starts FSMCaller successfully.

2021-11-19 10:09:54,875 WARN No data for snapshot reader D:\code\project01\nacos\data\protocol\raft\naming_persistent_service\snapshot.

2021-11-19 10:09:54,944 INFO Node <naming_persistent_service/192.168.72.1:7848> init, term=0, lastLogId=LogId [index=0, term=0], conf=192.168.72.1:7848, oldConf=.

2021-11-19 10:09:54,944 INFO Node <naming_persistent_service/192.168.72.1:7848> start vote and grant vote self, term=0.

2021-11-19 10:09:55,032 INFO Save raft meta, path=D:\code\project01\nacos\data\protocol\raft\naming_persistent_service\meta-data, term=1, votedFor=192.168.72.1:7848, cost time=54 ms

2021-11-19 10:09:55,032 INFO Node <naming_persistent_service/192.168.72.1:7848> become leader of group, term=1, conf=192.168.72.1:7848, oldConf=.

2021-11-19 10:09:55,042 INFO -Djraft.recyclers.maxCapacityPerThread: 4096.

2021-11-19 10:09:55,042 WARN RPC server is not started in RaftGroupService.

2021-11-19 10:09:55,042 INFO Start the RaftGroupService successfully.

2021-11-19 10:09:55,069 INFO onLeaderStart: term=1.

2021-11-19 10:32:58,493 INFO Deleting snapshot D:\code\project01\nacos\data\protocol\raft\naming_persistent_service\snapshot\snapshot_1.

2021-11-19 10:32:58,493 INFO Renaming D:\code\project01\nacos\data\protocol\raft\naming_persistent_service\snapshot\temp to D:\code\project01\nacos\data\protocol\raft\naming_persistent_service\snapshot\snapshot_1.

2021-11-19 10:40:01,488 INFO Connection disconnected: /192.168.72.1:64393

2021-11-19 14:42:16,025 INFO SPI service [com.alipay.sofa.jraft.JRaftServiceFactory - com.alipay.sofa.jraft.core.DefaultJRaftServiceFactory] loading.

2021-11-19 14:42:16,352 INFO SPI service [com.alipay.sofa.jraft.rpc.RaftRpcFactory - com.alipay.sofa.jraft.rpc.impl.GrpcRaftRpcFactory] loading.

2021-11-19 14:42:22,020 INFO SPI service [com.alipay.sofa.jraft.util.timer.RaftTimerFactory - com.alipay.sofa.jraft.util.timer.DefaultRaftTimerFactory] loading.

2021-11-19 14:42:22,035 INFO The number of active nodes increment to 1.

2021-11-19 14:42:22,783 INFO Starts FSMCaller successfully.

2021-11-19 14:42:22,803 WARN No data for snapshot reader D:\code\project01\nacos\data\protocol\raft\naming_persistent_service\snapshot.

2021-11-19 14:42:22,877 INFO Node <naming_persistent_service/192.168.72.1:7848> init, term=0, lastLogId=LogId [index=0, term=0], conf=192.168.72.1:7848, oldConf=.

2021-11-19 14:42:22,880 INFO Node <naming_persistent_service/192.168.72.1:7848> start vote and grant vote self, term=0.

2021-11-19 14:42:23,001 INFO Save raft meta, path=D:\code\project01\nacos\data\protocol\raft\naming_persistent_service\meta-data, term=1, votedFor=192.168.72.1:7848, cost time=99 ms

2021-11-19 14:42:23,002 INFO Node <naming_persistent_service/192.168.72.1:7848> become leader of group, term=1, conf=192.168.72.1:7848, oldConf=.

2021-11-19 14:42:23,010 INFO -Djraft.recyclers.maxCapacityPerThread: 4096.

2021-11-19 14:42:23,022 WARN RPC server is not started in RaftGroupService.

2021-11-19 14:42:23,023 INFO Start the RaftGroupService successfully.

2021-11-19 14:42:23,044 INFO onLeaderStart: term=1.

2021-11-19 14:42:24,397 ERROR Fail to connect 192.168.72.1:7848, remoting exception: java.util.concurrent.ExecutionException: io.grpc.StatusRuntimeException: DEADLINE_EXCEEDED: deadline exceeded after 766752200ns. [buffered_nanos=771247000, waiting_for_connection].

2021-11-19 14:42:24,397 ERROR Fail to connect peer 192.168.72.1:7848 to get leader for group naming_persistent_service.

2021-11-19 14:59:40,254 INFO Deleting snapshot D:\code\project01\nacos\data\protocol\raft\naming_persistent_service\snapshot\snapshot_1.

2021-11-19 14:59:40,255 INFO Renaming D:\code\project01\nacos\data\protocol\raft\naming_persistent_service\snapshot\temp to D:\code\project01\nacos\data\protocol\raft\naming_persistent_service\snapshot\snapshot_1.

2021-11-19 15:29:40,104 INFO Deleting snapshot D:\code\project01\nacos\data\protocol\raft\naming_persistent_service\snapshot\snapshot_3.

2021-11-19 15:29:40,105 INFO Renaming D:\code\project01\nacos\data\protocol\raft\naming_persistent_service\snapshot\temp to D:\code\project01\nacos\data\protocol\raft\naming_persistent_service\snapshot\snapshot_3.

2021-11-19 15:29:40,107 INFO Deleting snapshot D:\code\project01\nacos\data\protocol\raft\naming_persistent_service\snapshot\snapshot_1.

