2021-11-19 10:10:27,433 INFO PERFORMANCE:|0|0|-1|-1

2021-11-19 10:15:27,437 INFO PERFORMANCE:|3|3|-1|-1

2021-11-19 10:20:27,439 INFO PERFORMANCE:|3|3|-1|-1

2021-11-19 10:25:27,441 INFO PERFORMANCE:|3|3|-1|-1

2021-11-19 10:30:27,443 INFO PERFORMANCE:|3|3|-1|-1

2021-11-19 10:35:27,450 INFO PERFORMANCE:|3|3|-1|-1

2021-11-19 10:40:27,452 INFO PERFORMANCE:|3|3|-1|-1

2021-11-19 10:45:27,452 INFO PERFORMANCE:|3|3|-1|-1

2021-11-19 10:50:27,454 INFO PERFORMANCE:|3|3|-1|-1

2021-11-19 10:55:27,455 INFO PERFORMANCE:|3|3|-1|-1

2021-11-19 14:42:56,265 INFO PERFORMANCE:|1|1|27|27

2021-11-19 14:47:56,269 INFO PERFORMANCE:|3|3|-1|-1

2021-11-19 14:52:56,272 INFO PERFORMANCE:|3|3|-1|-1

2021-11-19 14:57:56,278 INFO PERFORMANCE:|3|3|-1|-1

2021-11-19 15:02:56,280 INFO PERFORMANCE:|3|3|-1|-1

2021-11-19 15:07:56,281 INFO PERFORMANCE:|3|3|-1|-1

2021-11-19 15:12:56,282 INFO PERFORMANCE:|3|3|-1|-1

2021-11-19 15:17:56,284 INFO PERFORMANCE:|3|3|-1|-1

2021-11-19 15:22:56,285 INFO PERFORMANCE:|3|3|6|4

2021-11-19 15:27:56,287 INFO PERFORMANCE:|2|2|-1|-1

2021-11-19 15:32:56,289 INFO PERFORMANCE:|3|3|-1|-1

2021-11-19 15:37:56,290 INFO PERFORMANCE:|3|3|-1|-1

2021-11-19 15:42:56,293 INFO PERFORMANCE:|3|3|-1|-1

2021-11-19 15:47:56,293 INFO PERFORMANCE:|3|3|-1|-1

2021-11-19 15:52:56,296 INFO PERFORMANCE:|3|3|-1|-1

2021-11-19 15:57:56,297 INFO PERFORMANCE:|3|3|-1|-1

